3f 3a 95 99 84 5e 07 07 d8 8b e7 97 22 0c 78 9e
a4 3d 8a af 89 e1 83 62 31 5c 24 57 27 c1 4a 83
12 24 b7 ee e8 2e 65 24 4b a1 45 80 0f d6 54 ba
37 04 22 fe 94 5f 7f 75 3e 72 c3 de 6d 92 36 8f
e6 16 d7 88 cd 0a a0 7c 77 98 9d c1 e1 04 43 d3
5f 48 9a b1 5a 1b fd f6 49 6c 5b 6b e9 41 f3 93
72 4e f0 fe ec 70 0c 65 f9 43 85 34 11 f0 28 ea
fb a3 46 9f 11 01 93 4b 4d b2 dd 6c 4a 1e 0f 80
5e 1f 99 39 0e 9b 7b a8 ef 0f 3f 81 d9 12 b8 9c
ce 65 9b 43 01 38 dc 08 ec 75 49 c7 0a 7b 18 51
a8 89 46 29 b1 ba 54 3e f9 b6 66 94 7c e0 e9 9f
9a 09 f4 da 2c 94 2c d8 1a 8a 35 de d7 44 b7 9b
87 8a cd d7 74 62 70 64 09 07 ec b8 03 8b f8 d8
f6 1e b9 eb ed 2b 5a ca da 06 8c b2 78 ac 14 87
6e 3b f5 c8 4e d5 43 3b 92 03 0b aa 50 fb b4 70
fb 03 fe db 42 5b d2 8b 3c bd 47 59 d0 13 74 22
b2 6a 48 8c 2f 8d bd 44 a1 27 23 3c 6e 8e b6 47
19 0d a0 58 6e b1 79 88 a4 7c 68 02 46 46 56 3a
b1 c5 ac 6b 3d 38 b4 ca b1 69 f7 1a 01 42 09 3f
23 03 d7 51 3f 87 79 36 c4 d7 a3 d2 62 ad 8e b8
22 8a 92 c5 9a 4f 38 a5 51 98 20 82 81 32 de e5
db be 88 e9 5a e6 a3 07 47 f6 72 b1 7d c5 c0 9f
b1 8b b3 9a 19 59 b6 5a 1f 77 ce 5c fa d9 a5 41
eb a5 bb e0 97 7b bc 20 25 2a 4b a8 42 a0 7e 63
76 e7 26 6d fb bd 38 b6 36 9a 59 98 85 c4 94 b3
1e dd 69 d5 e1 21 ab 8d ea 3e 8a 1b 4b 25 72 31
46 06 af 35 10 1f 80 8d 58 1f 57 7b 04 53 28 65
cc 5f 8f 2f df 31 37 fb b3 10 8b 77 c6 fc c0 b4
55 18 5e ae 01 0b ce 90 30 40 92 ad e3 c2 95 92
4f 69 81 82 0f 86 71 b1 08 b9 3a 75 fd b2 4e 0c
4e 3b 1b f2 e1 49 9c 52 34 33 bf 6d c8 9a 04 c0
5a 0a 08 fc 41 c8 4b fa a4 24 2c 29 6b 85 0a bb
c5 8b 29 0b 18 15 ff c4 a9 d9 02 fe fa c3 78 a5
3f a2 9f a7 e0 59 c7 e7 77 9e c0 6d 3f 68 37 65
eb 88 b5 4d 70 39 03 f2 2e 74 f6 41 7c 9e d6 fa
4b 8b c4 37 36 7a 4a 4a 8b ef 6e 5b f1 78 84 de
c1 e1 85 6e 6d 34 e7 7a 59 e0 78 d7 4d 66 a8 82
e5 49 ef 58 c7 0c be cc 16 9d 28 da 57 ed ce d9
1c 84 eb e3 60 f8 4c f4 60 14 44 b0 eb da 95 3a
0f c1 a5 66 13 1e 33 ca ab cb e6 30 30 8c f3 b8
fc 14 3e 81 99 6d 76 f6 31 7d b2 25 ea 88 4a 17
63 92 ec 22 9e af ef 57 d3 f3 ee 9c 1f 61 9d ce
66 77 47 ee 1a 96 8b b4 6c c3 8d ff e5 ed b0 00
64 e9 65 19 a0 15 52 94 a7 a6 cd 6d 49 45 91 e2
6c 8e dc ab 00 9e 48 e5 d0 e6 8e 49 fa 34 5b d7
88 81 36 68 29 ac f8 a9 f6 49 ef ed 0e ab 73 df
05 56 90 e9 28 b4 6d 3f c6 d6 b0 7e 58 d0 b6 93
17 69 38 9b 8c 41 ea 21 b4 b5 2e 56 53 17 c9 53
ca 90 7c f6 32 f6 cf f9 85 10 25 8d 24 4c 6a 4e
8f 77 b1 bf f2 0e b6 2c 96 40 c6 bb 9e 13 39 c4
ee d5 b9 4d b1 f7 af 6c 31 0c e9 e5 a0 20 02 c9
7a bb d0 52 16 81 e5 86 71 21 c3 8e 60 35 0f 6e
99 86 39 d9 2d 14 f6 e4 6b 34 16 23 7c 72 aa 1c
c4 7b 1b 0b 65 1b d8 2d 98 e3 c3 ef f2 76 8a e1
fe 1d 1b 84 f6 40 b4 00 fd 85 33 10 ab e1 53 64
48 6a fd ac 54 ee e8 33 52 ef d5 70 29 c0 b2 50
f5 83 f4 89 02 de 61 21 4a d2 23 0c 6d c4 26 dd
37 68 c5 ed 0f 60 19 a2 aa c0 54 16 32 48 b0 a3
5e 0d 4a 1a 92 6f ac c1 06 72 e2 b3 ce a7 b0 a4
3c a6 11 e6 0b e5 b7 39 df 2c 4b 0e 62 a0 17 98
d7 68 16 0b 3f 3a 41 20 52 fb f2 d5 91 bd 5b d2
dc 09 24 fb 70 08 3f 26 52 96 04 58 c1 ba bf bb
42 a9 94 6c d4 51 a6 90 25 b2 1f 0c b4 99 cf 56
64 7c 12 6e 25 63 eb a6 a1 76 79 91 59 55 92 b2
d1 59 3e af 44 58 6c 9e ed 3d 75 47 c2 2f d5 15
fd e6 f7 a0 28 ee c4 d3 e6 72 85 84 2e b4 db 14
82 c0 02 1a 62 69 cc 6f 6d ea 18 8e 7b d0 b3 d5
a5 f8 1b 76 da 7d 27 67 5b d1 ab 2d ec 2f 5c 59
0a 38 bd 4b 24 ff d8 c2 fb 65 3c 1b 68 6b c7 bd
0a b5 b8 68 0d 09 1d 69 f0 2e 09 a0 e4 d3 e1 c7
b5 e4 58 e8 64 b5 ef 28 42 f7 b8 93 f0 07 df 2f
ec d1 59 71 63 77 e1 26 e0 aa b4 e8 7f 18 48 6f
fa 8f 4e 0f f6 79 cb ec cb ea e1 a3 7c 48 21 dd
f6 99 4f 65 c4 97 4a 42 0d 8b ca 2f f3 9c c4 70
48 e1 1c a4 6f 3b 73 cc b1 08 ce e7 6d d8 39 b6
a5 71 fe 49 60 55 d6 75 4a 02 73 9c 30 93 43 e1
93 f7 e4 5e b2 08 68 1e 99 5d f0 5a b3 e4 5f 3d
a1 c1 64 f0 5f 43 74 63 96 5d c8 b5 be e9 99 4f
15 1b 34 99 3b 16 25 d6 ec 9b 3e e5 2a b5 d5 0d
e4 6c 97 1f 48 e5 77 bd 6e 3a 60 d0 52 30 79 85
e1 e9 f5 7c 47 14 7e 0d 5a c0 e1 e7 f2 86 8f e7
7d a6 2c dc fd c8 9e 5a 8e 1b 3e dc 95 c9 65 15
e3 1b d4 3f 60 97 3e 50 a1 a6 b0 9a 4c e9 ee af
51 ba c3 7f 4e 3b 56 7a 23 44 dd ad e2 52 38 33
01 2a f3 e1 92 96 fb f3 ab 15 d1 49 8b a5 27 09
2a 81 8f 78 6d ae 76 01 fd 3d 50 0d 80 25 b6 97
f5 cc f7 79 0d 40 b3 58 13 02 33 9d 59 3b 72 1a
5f b2 b9 17 75 2a 5c 39 e2 e7 44 c8 f2 ac 0d 4f
50 84 f1 fe 5a 61 0f d6 95 b3 8c 95 f9 68 03 c9
ba 9d a3 18 26 46 3a 09 a6 61 b2 1b d8 bd 39 88
13 2b 50 79 31 50 8a c6 13 ad a9 d1 79 cb 6b a9
7f 5e e1 6b e8 5a 1c ba 7d 80 fb ee 20 5e a0 0f
68 44 00 db 3e 23 d4 e8 01 66 e4 c8 3d 6e 69 ed
3c 61 83 1e 98 9b ec ba b6 31 2c 42 f2 67 8b 2c
38 4f 1a 13 1f 20 9c 65 03 b8 de 64 fa ff 43 22
f9 dd 4f 75 40 d8 7d 48 f5 54 b6 45 35 01 c9 cb
52 45 bc a8 52 d1 0b 6a 23 ab 4d 8d 56 02 f0 e9
a2 75 07 77 02 5e 9c 3e f8 1b c8 f5 af 71 31 fb
85 d1 e5 d4 85 24 39 78 64 76 59 74 4d a4 23 c4
09 e6 f3 18 62 d9 b3 b1 36 72 9b 03 de 0b 95 04
12 51 e0 be 53 c2 6b 99 4a 50 74 4a dc 18 bb da
ff e1 f6 22 01 ff 7c 67 d3 20 91 47 cb 74 a7 5e
d0 c8 9a 2f 98 29 8e 40 71 1e be fe 17 83 9b c3
bb bd b0 a0 65 1a 2a c6 7d 44 d2 27 26 60 75 f0
31 58 c0 11 e2 cc b2 6d d8 8e 4c ae 22 ad 0f 23
ca 47 d1 62 ad 78 a4 3a 34 59 99 61 97 af 56 5e
d0 db b8 b7 57 e8 01 5b ba ec e2 97 21 b2 e2 6b
b8 b2 f7 2d 7d 06 38 c0 bf ad 23 f7 b1 96 07 56
ed 6c cb 95 20 10 67 a8 66 9b 4c cb 70 fe 86 ba
d3 fa 33 92 11 b5 8c 8a fd c8 15 38 81 4c 0c 8f
15 e1 a5 21 61 d8 67 91 68 44 1e 49 69 54 7b 6e
b0 fe 1c a9 b4 67 92 57 ca 73 9f 49 ab 6e c8 bc
97 e3 9a b4 1e a1 09 0c d2 c1 88 a2 3c d6 0a 3e
3d 66 7e c3 9d 8e fe 7f 70 b0 79 f2 ae 42 d6 38
7a 32 3d e5 d6 42 ee 56 5a 53 5c e7 14 0f 13 b4
28 e4 32 75 35 72 91 53 c9 64 3d 13 bb 58 c9 7c
c5 d8 22 04 fb 9e 1f 10 43 ba 24 8b 5a 46 16 5b
6d 85 7e 6f 75 b7 5b 0e 0e c1 c9 bb bb 3d 3b b4
f7 96 70 b6 ca aa c7 9e 67 73 48 5f 51 8c a3 b6
3c b6 59 de 6a 83 07 1e 34 4b 60 06 43 91 69 1f
57 40 25 f8 9b 3c 6e 46 a2 84 e2 9b a7 a5 a7 22
4b c3 16 ef 91 0a 93 d1 34 b2 9e 0d 1b c5 2f 63
72 d4 e0 a9 89 bf eb d8 dc a3 f0 74 94 15 dc 32
d2 f2 59 96 16 94 5e c7 91 4f e2 06 8b 91 19 2c
40 20 38 bd 1d 2a 98 8e 24 aa 73 fa 2e 26 21 dd
46 b0 51 c5 b8 9d 9f 40 4c 6d 78 a0 96 4e 77 99
bf fd c1 23 fe a5 04 1e 12 a0 89 8d 5f b4 8d de
38 e2 6b 65 73 14 32 66 4a 69 6d fe 57 39 94 9a
66 56 10 33 f1 6a e6 d0 34 2f 31 b8 3e ef db 84
e4 07 e7 41 27 8b d2 1f e7 97 03 10 b4 63 bb dd
0c 3c 80 6f 80 54 31 30 81 e2 8c db e2 59 0f 35
27 c0 b8 6b 74 dd 36 81 3b 00 cd 50 3e 4d 93 f1
4c 03 e6 31 fa aa 62 5b d4 d5 7b fa ee 93 16 48
75 4f 70 d8 79 65 a0 3b 1c 9f 40 dd 6b 13 d1 71
43 7d 42 47 40 3b 1f 79 95 83 94 a9 d2 e4 8d 6e
f2 6d 54 f7 65 97 86 a8 83 34 ee 73 42 e7 ff 6e
0a 47 0a 2a be 05 d0 57 41 9d f5 b2 8d e1 9a 71
60 4c cd b8 c8 57 d1 27 3a c9 c4 7c 6a c8 f8 df
a5 07 e5 0b e2 3e db a3 43 74 54 95 5e a0 dd e5
7b a5 96 91 31 2c 2f 0a e6 72 49 01 e6 4b 1c 4c
38 89 03 41 d0 38 14 17 db 35 d0 bf dc c0 11 a9
62 2c cc 5f 12 c1 1f 8b cc a9 9a fe e2 32 53 a9
2f 96 aa 81 38 7d d6 50 77 0a 76 ac 0e 7d 26 31
c6 87 6f 6a 95 f7 59 e1 2e 5b a7 9f b8 7c 23 50
0b c5 a9 9f 0c cb a6 16 44 13 f2 33 32 19 38 2b
9f 58 80 92 32 ea 92 c6 0d a9 1f 67 e8 e8 09 a8
73 f8 de 22 01 b2 e2 e4 9b b3 c7 62 d4 fa e6 6e
73 d9 7e 42 62 4a ed 58 44 10 10 e7 83 20 b7 d1
61 3a a0 49 11 22 d9 d1 c6 1f 7e d7 17 02 d1 a4
e7 86 63 db fd 54 c2 6b 5b 9e 38 27 bb 5f 72 19
7f f3 3a 1b 22 a9 64 d0 e5 0f 99 77 60 7b c3 49
24 4f c1 dc 77 81 88 65 0a 42 34 31 d6 2c 98 b1
6b c6 8c f0 e5 0a a8 da b1 dc 7e ab 5f 8c 8c 1d
5a 34 4e c1 a7 13 42 8d 56 ee 51 98 31 6a 6c f8
41 0b 61 e5 0d 0d bf 61 f5 8f 78 3e 25 1b 0e f1
30 ca 67 30 57 71 93 72 9b d2 17 32 35 fa 00 5d
55 a9 b9 8c 51 a1 15 5f c3 c7 81 18 1d 80 f8 5a
90 d4 36 0c a7 83 94 66 e5 2d 53 d9 79 60 3f 67
1b bd 5f b5 0e 5c 8c 19 98 3f e2 01 7a c3 4e e0
a5 f4 17 9e 92 34 a9 d7 f7 21 b4 8a b9 a0 99 71
3f 37 cd ed 18 62 a0 ee 7c 36 9b be 44 6a 73 50
10 8a 91 62 32 2f 66 56 e7 f5 60 a9 c3 a6 73 1e
2c bd eb 53 ce ad c2 cf a8 4c 11 3a 09 56 65 e2
d7 78 fc 8e 18 cd 26 e8 ac 6e f2 08 14 90 59 d0
90 df 4f fb a1 e0 8c bb c1 47 a7 68 a7 38 8a 02
7f fc 11 fc 6e 75 a1 eb b1 3e 68 93 33 a3 cf 17
5d b3 6d df 11 6c b9 72 f7 86 37 45 33 cd 59 b5
8f 35 de 78 0e 1f 5f a1 28 52 96 50 07 e9 dd 21
87 f3 76 28 1f 77 a4 08 bb e8 8f 07 9f 4f 0b d3
a1 03 3e 14 30 d3 32 e1 44 ec 5f c8 72 95 5b 9c
9d 54 f8 01 44 ac a2 db ae 2f 28 04 99 67 d3 0c
93 27 0b f1 ce 1f 2a 1d b9 f4 6a df d6 85 49 55
d9 8a c6 cc 4d 92 8c 12 9d 9f 81 63 bb 2b 9e 63
13 16 8f e7 24 c2 d6 ac af 18 2f 4c 92 a3 98 fa
bf d8 66 e6 30 9f 25 3d 3d 7d 07 a6 4d e9 ec d1
47 cf ed fe 53 49 67 31 62 72 32 97 98 a0 84 17
73 ac d6 67 8b a8 ed 88 1a c5 f4 7d de c5 6e d7
e8 a7 9c 06 3a 9d 9e d5 64 2b 47 a1 2f 1b 5b 31
65 10 29 69 7f 0c 1d 6d 6e 1e a0 41 5f 47 0f 25
8a c8 5b 28 85 c2 37 51 27 e5 7b 69 f7 f5 fe 9d
d9 eb 1b f3 cb c5 5a 75 fe db c3 70 2e 59 1a 19
22 3f 35 ef eb 29 5b 52 cf 1f 89 ab 76 e7 41 86
45 8c 41 33 19 8b e9 22 ba 9f 38 dd 4e 3a 9c e2
ee ee c9 2d 01 82 64 84 aa 7d e3 03 cb cc f8 20
a2 1a d0 a5 0f 38 a7 6a 88 98 f8 93 ea ed 8b 74
8e f0 77 c0 40 99 9c 14 7d eb df e8 b4 5c b0 0f
37 7f 8c d8 b2 a0 7d 76 f9 6a 81 2e 39 4b d9 09
87 70 1d 86 fb 3d ce 0a 7b 52 57 2f 1a c7 21 bb
37 fa fb df 89 1e 47 0f a8 26 f8 81 da fc 02 3b
92 eb fa 83 da 42 75 11 24 62 30 75 22 70 4f 9b
73 9e 15 f4 99 76 e3 95 6c 5c 29 07 d8 23 d4 8d
22 8e bc 4b a4 c5 14 3d 36 9a c9 6d 9c 31 d9 04
69 24 99 cc b3 90 1e d6 af b8 a5 d5 ed 95 99 37
53 a9 d4 d8 d9 e4 1a 7b e8 ed 63 36 96 70 8f 40
a1 b9 5a cd 90 72 d1 a3 56 81 94 91 90 d4 bd 64
93 9e d0 d0 8a 51 be 39 de d1 45 2f a6 64 3b c1
13 25 ea b5 03 8f a4 df 15 39 6a 02 f6 10 7d 74
57 d2 83 99 61 62 a1 7c 21 07 bf 1c 72 b4 00 ca
92 b6 81 de 6a 84 c1 80 2f 32 05 b2 4c be 20 cb
f0 f3 cd 99 6d 14 4a 23 7b 8f bf a0 d9 58 2b d7
1c 5c 24 15 43 be fa 89 0e f8 61 b1 ac 33 c4 3b
0e c2 1f 86 17 e7 70 86 a0 2c 7c bb d1 54 ed a9
a9 3f 19 58 e2 c6 7e c0 59 0e d6 d0 a8 f2 2b a2
16 03 92 c5 01 e2 ee 05 49 62 14 7b 49 51 06 0c
e9 cc ad 63 c1 d4 e2 3c 54 49 9b c1 82 c6 ac 54
17 60 52 49 c4 53 4f b7 7c 2f 6f 85 fe bf 31 a9
52 df e8 8c 54 35 93 0a 85 9f 04 58 17 e0 d3 2e
ea c7 69 c5 4e d3 08 7e d3 1d 6e 8c 16 ad 0e 86
a3 40 ff 39 be 46 37 a7 26 7c 45 fb 19 6f 3e 01
45 92 ad b0 87 74 4d 91 ff c8 f0 64 a3 73 77 c6
4c a7 5a 70 f7 b7 26 ec b6 45 df d2 62 36 bb 29
32 90 1a 9a f9 67 37 be d9 a4 e9 b5 de d7 ae ce
e5 2b 72 49 1e 0d f6 1e d0 10 ca e5 70 a0 d3 ca
eb 7f d7 97 ab 4d a9 51 13 1f e4 77 db 77 c2 47
a6 f3 11 f0 76 a7 5b ba e6 08 e3 23 2e ab a6 be
9f 0d 0d c5 69 ef b1 90 f8 39 f5 bf 75 16 59 7d
5d 0a d8 58 3e bc 08 e2 03 d8 ba cb 31 d0 d3 e1
a3 0e f7 a7 af 1f 1e 02 55 ba b2 f7 39 c0 ba d7
a4 a2 a1 44 4f 80 26 d1 18 b1 fd 2c dc c5 ae b2
6f 19 54 0c 4f 83 0b e4 6d 51 4e 1c 84 2a 62 bc
27 a2 25 da 08 1c 91 4c 26 23 e1 66 b0 21 2b 13
45 00 19 9a 72 bc 39 17 a7 cc 79 e6 c9 cc f3 8f
fc f1 3f 3d 72 f3 0a 1a 2b e0 38 b2 46 f3 8c a2
ab c9 11 b4 b3 6b e2 fd 21 27 0a 58 fe f6 7e 96
42 1e 24 cc 66 17 5d 97 df 8d ca 26 4c 53 f9 8e
3d 17 a0 98 eb 9c 5f 5f 73 1c 86 d2 c3 a6 e3 10
c0 fc 97 1b 42 c5 ba 70 54 6b 93 e0 01 f3 a9 d2
cf 54 c1 cb ad df e5 5d 60 fc 81 7f d0 dc 0d 5f
0f ed 95 f2 d7 8d 85 9f ca cd 98 e2 a8 74 b7 77
67 c6 76 e5 12 3b b4 5e 3a ee 95 4a b9 36 49 b0
30 3d b6 5c 45 35 92 2d 67 28 37 99 ca f8 2b c7
86 0d d3 47 bb e4 93 78 47 37 e5 19 ae ff d8 c3
d2 83 08 29 b4 a7 fd 14 71 6b 50 fd 28 e1 c1 fb
68 f1 6d 86 bf fa c9 4d 37 f3 7e fd bd cb 6f dc
be b9 0b 51 5c e0 62 f7 13 6c 0a 39 5b ea 76 c7
07 cf 25 d1 38 84 bd 97 70 59 f9 1c 8a b0 64 58
73 04 89 65 94 e2 41 2f 8e e5 ff e3 ac 54 ee a9
52 65 22 f9 bd 1f 45 02 72 e2 37 f7 ee b6 3b 78
b0 f9 3b e2 0b 0b 35 c1 3f 72 57 4e 35 59 7e 85
e0 98 26 08 05 b8 52 cc b7 4c 9f bc 30 df 4e c1
fb 71 ae 59 2e 2e bd c9 95 c3 a3 b9 2a f7 0a 28
41 6c 32 75 e3 60 9f 8d 29 c2 9f ec 4a 22 31 22
4e be 63 81 d7 7e 54 30 a2 30 17 32 86 9d a6 c1
a7 68 33 ce a0 58 2a 5a 1c 79 59 e5 cf a8 63 7c
6f 0c 22 13 37 85 9a f5 e3 db 2a 40 2a 58 67 ff
43 65 7c ef 09 3c 96 3d d5 ed a1 4f 48 46 dc 1e
f8 f9 0a 55 57 ff f7 b6 90 cf 14 6d 11 58 8b 7c
ab 85 b0 26 09 64 cb 13 8d b4 ad ef bb 53 e2 4a
d5 98 74 d8 15 e6 c6 a0 89 2b 52 a3 10 d4 9a b8
c7 8b 61 86 06 8c 8f f7 89 37 c8 ce 76 23 b6 8f
7f 3d 65 11 71 77 bd f3 77 3b 80 c5 10 87 ab ae
90 9f 73 8f 59 38 1d 76 a4 b2 40 da 77 ca 1c 2a
10 95 2d 17 76 ad 5d ef 93 63 aa da 17 c0 1e 23
ac be c0 22 80 00 b9 88 c3 0d 1d b2 6b e1 af a4
47 30 22 68 36 75 68 bd 5a a9 f2 83 a0 b7 c0 3f
7e 1d 23 ab c0 e3 29 a7 9f 2a 61 46 79 63 95 ac

f3 75 9b 7b 10 f4 63 be 92 e4 0f 7e 7f fa 22 a1
35 37 2d f8 ff 2c 4d e5 3f 63 1f 34 ab 24 08 5c
a7 ab 4c 5c b6 c7 97 9f 64 19 e2 98 6a 9a 3c 9b
99 01 de e4 75 ce 3a 57 4c 5f 52 8c 18 48 38 64
08 1f 26 fd 52 52 4f aa 5a 97 f4 fb fe 37 13 66
5a c6 9c 99 66 3c d9 e6 15 c4 c5 f0 1f a5 1d 2e
87 3a 9b 08 54 de 5b f7 dd 98 94 74 82 44 14 98
93 4b 2b bc ef 0d c1 f2 4b fe 98 4e 84 ec 22 08
97 d9 40 ca 31 99 62 c7 f0 3b 1d 1f e6 1f c6 52
69 b3 02 7c 7d a0 dd ea fc 85 e9 9c 9f ac f1 e6
18 45 f7 fc b0 ef d1 c9 3f dc e6 33 5a d5 c3 7b
27 87 fb 2f a0 b3 0f 6b 2b cc e4 b0 cf 1c 9e ba
6a de 69 6b ae 12 cf f9 31 00 de fc b6 c0 d3 67
13 8b 60 e7 7a d6 96 26 ef 80 6e 6d 3b fe df 11
f2 fd f8 64 fe 14 f9 98 27 50 74 17 61 6f 8b 7a
f5 2f 07 ca 49 68 1d 2e 31 af 2e c0 06 b9 12 e0
4b b9 7c 85 7e ef 99 f5 d2 24 c6 00 48 a1 a2 a2
a3 f6 93 63 d6 f9 ea 70 e2 09 65 b4 a7 5b 11 3f
c1 33 24 75 54 53 f9 ce 64 c6 5a 94 02 5e 8a fd
69 ba 59 2e 7c e8 7a 51 ec cf 07 19 cf a4 83 3f
77 2c 57 3a f7 cb c1 b7 81 1b eb 19 3a a2 58 91
bf 09 2d 12 4d aa c6 3f 7a b5 2e 40 9a 56 62 c1
e1 71 96 5d 21 cb e4 35 a2 72 e7 9c bb cd 1e 38
fa 3b ac 72 6d 6f 05 55 ba bd 55 ee 58 f6 76 2b
5a 51 ad 0b f9 16 f1 0f f1 7c a7 10 dd a9 ba a1
ef a6 8b 4a 22 38 78 be c0 22 13 64 bb d7 eb 8e
f8 73 43 3b 91 53 0c e9 f8 04 4c 8d 0f 71 0b 8f
62 81 c0 9a 8a d0 80 91 e6 e9 ca 46 c9 bc 42 46
a4 8c 07 5c 5d 52 2c 46 38 75 00 46 56 28 01 20
78 64 fe 6e f0 c7 5b 23 d2 7f 3f 41 df 4d a2 45
7b 5e 2b 5d 5d 09 f0 22 23 dc 94 c2 6e fa 59 79
e0 21 9b 4a 8d 0f f4 29 b7 e3 0d 0e 09 64 4b 2d
01 b2 f0 ac d4 b8 93 5e 57 8e 0b a0 3d 54 df 1f
19 a0 bd 0f c5 ae 0a bc db f1 22 d9 17 17 a8 02
f9 69 9b 1b b5 01 44 17 a3 b6 b9 59 40 86 37 6c
59 90 c2 8f 40 cd 91 a4 cf d2 7c 26 68 cb 98 64
29 5d b9 2f 24 01 f3 ab ce 3d 7d fd 72 65 ae a0
36 6d e3 9c bc fa 50 4c 5a 0c 0f 18 2c 84 8f 78
ec 73 12 fd 04 da 92 93 8a b5 b8 95 00 1d a4 1b
77 28 9e 24 84 bf bd 51 9d da 73 f3 19 57 f3 89
2d ed 95 45 06 c7 e3 a2 1f db 63 25 f4 5d 4c a9
a7 62 d6 f3 ea 4a 31 1d 79 de c8 45 f5 2f 31 a2
09 b4 82 c8 9a f9 0a 61 94 29 be da 21 69 0d b1
fa 51 cd 71 32 c1 f3 e3 0c 05 12 c7 58 ee ae f1
a8 cd 88 ab 76 67 4d b0 78 9e 33 0a 16 18 ed c7
4c 0e b2 77 3d 99 9f b5 85 0a dd 7f 91 a4 10 c6
95 a3 5b 78 02 b0 a6 fd fd 5a 11 b2 18 80 33 22
e5 f1 13 eb c7 48 cb c8 35 78 47 eb a7 4e 2f a5
3f 8d 47 b8 9b 16 dc 07 a1 ff 6c 5e fb de 88 12
b5 a2 80 40 17 c2 bf e9 80 f5 21 dd c8 78 c7 3e
c7 7d c2 98 0c ad f5 e2 a7 08 bf 62 d7 76 a6 53
65 b0 b1 04 1d 34 58 1d e8 7d b5 44 17 90 2d cd
ee 5d 5d 47 db c6 f8 19 d9 e5 70 12 55 a8 ef 8c
9c 7d 51 1a 7a cd b7 1a 63 c5 91 53 ba 73 62 41
f0 2b f7 2b 85 c9 d5 4d 64 a7 66 1a 3b f1 6e 7e
bb 88 e5 60 c5 24 2c 51 ba 2a 08 dc a4 1b 7c 2f
3d 69 ac 1c 67 92 ec 33 06 3a fc ed 53 a5 04 1b
72 84 0b b4 fe 9e a2 69 ce 80 bb 4e f6 ed 9a c9
15 57 d6 89 63 88 48 7f 0f 28 6e e7 f2 36 12 fd
a4 ba 96 57 13 20 18 8b 0b 1a d9 e2 36 d6 28 dc
8a a1 9e 53 6d 5d 87 6f 4f 34 a0 e8 8c e4 07 58
33 7b c6 93 08 03 0b 12 27 62 2d d9 67 77 47 ca
84 d5 4d a4 95 71 84 51 36 86 e3 93 f2 71 2c 0e
3e 18 95 8d c8 71 34 7c f4 94 91 a0 78 4e d7 e3
f0 d0 81 5d 7f 14 9e 6e a0 4e 2d b6 ff 91 48 40
ef e2 a8 01 69 3e 15 8e 1c 4e 98 e5 19 3c 18 12
67 9b aa 31 6d 00 3d 42 bb ae e4 23 c4 24 cc 9e
b7 f5 2b 9e 33 d8 e7 e7 2f b1 3d e0 13 68 72 38
d5 f9 f6 3e 66 3f 52 86 a2 fb e3 d7 fc 6a 04 5c
a3 c9 c0 9f 15 4f 65 ce 29 9c d9 06 70 a7 d9 3b
81 be ef 88 d3 1c 96 d0 cd 31 3b 01 ad 37 47 9c
c8 58 f2 26 7b 2d 20 af 81 ee 0b 57 c5 a4 aa 8e
a7 83 da 43 08 ae c4 61 88 10 0f b0 3a 8c 3e 99
cf f5 e8 91 f4 dc 17 33 cb 91 01 25 76 42 6f 93
47 36 b2 d2 24 68 d4 fb ae f9 1f b2 84 db bf a9
80 2d 43 a6 d1 3e 6b fe a2 e8 ba 41 db 9d f8 4c
03 94 7b 38 15 2b 37 52 b1 5a 78 80 9b c4 81 de
9f 16 e3 59 a2 0a 8f 91 55 92 88 3e 98 34 2e 24
bc a7 03 4d ce 22 a7 76 59 1c 66 88 23 27 62 2e
5f 49 21 eb 4f 2c 3d 2d b7 4f 1e 8a 5c 50 8e 55
d6 78 e6 24 41 98 b7 9f 16 f6 83 b4 5a 0a 2b df
88 47 0a b1 fd ff c0 24 ab 11 53 ce e0 90 21 19
f0 ee 17 4d 06 cf d8 8f 2a 58 f7 72 c1 b7 fc c8
cb 91 10 5b 43 e8 16 f3 02 1c 66 77 31 d3 f4 b9
1b ab 8c 2e 08 65 69 04 cb 2e 6d b2 65 92 0f 35
19 da b5 8d 33 ac d6 89 40 51 df 9d 9e 3d 7e 6d
ae 06 a4 9c 71 ca 9f 5d 0b 0e f5 08 21 ad d5 03
d8 c6 1b 3b 8e 2f 79 56 ff 5b f8 0f fa 6d ea 46
e3 6f f3 ab cf 42 8f 00 fa 2d 75 5c c1 46 a3 0f
fa ae 0b 81 16 ac 4f a0 ae 35 88 5f 11 8d 9a 6a
8e fd a2 06 c2 3c 57 3d eb fc 7f 8d 27 8e 2c ee
fd 3c 3e 43 1c 9d 53 24 5a 53 26 12 f4 05 fc 3b
9f 43 3c 51 7e 5e fc 3c ee c5 d6 62 ee 2a 0d 56
b0 02 6b bf d7 c6 75 65 4d 97 c7 88 7c cc 32 be
cd c3 f4 35 56 f6 08 5e e4 c2 0c ee 4f a9 4a 0c
dd b3 8f d9 9f 32 a2 57 26 94 fd 4b af 8e 34 71
a7 ef 28 5f a0 49 9e 12 e4 fb 6f 6d 6c a8 0f 9a
c9 c2 50 8e 94 00 f2 bf e5 df ae c5 86 ad 35 30
e6 ac 82 9a 63 26 84 1a 1b 39 fa c7 f3 1c 16 bf
3e 7a 67 9c 61 03 34 6e 33 8f a0 9f f5 0f 1a eb
b9 18 c7 85 67 ac d6 28 c2 bc 75 65 3f 4e fb 2a
5f 0c 61 36 1e c2 39 d2 7f cb 74 79 38 28 e6 b7
f9 5d 00 03 25 b1 cb f3 0c 6a 65 11 d6 f0 ad 33
93 0b dc 49 f1 27 07 f9 0b ee 44 48 a3 eb d6 cd
1b c9 6e 74 81 5a ce 32 3e b2 b4 31 12 6a 08 05
25 3f ca 2d 41 44 9b 51 61 c7 ba e4 30 ad d8 3f
2b 81 94 ce ff 3d eb 33 d8 91 94 87 67 3d 0e e1
f0 91 b7 60 7e 9a 01 b2 d4 4e e6 e8 ea 18 2a 1b
8d c5 b8 55 d2 09 d4 83 08 91 b2 87 e3 9c 20 05
8a b8 3d 04 75 2b 4c 89 86 00 47 78 52 c9 2b 77
aa a2 d3 44 42 f1 75 e9 c8 83 83 d8 8f c5 86 3b
61 80 4d 64 73 c4 57 44 fb d8 7a 61 64 f1 d2 a1
30 88 4f 0b a3 ca ec 6a d3 cd d3 ec 34 5a 4a c9
98 95 e9 5e 6e ff dc 8e 32 d7 f8 b0 13 e4 5e 60
4d f9 7d 2b 23 d8 97 94 e9 fc 22 a8 90 d7 33 e0
1c 40 70 4a 14 4e f6 a3 be dd 11 4d 8f 32 3a 88
5e 8b 14 cb 42 43 e1 0f 39 a1 5d 11 e3 b0 78 d8
da 02 e5 33 12 c2 ee 23 88 61 6f 00 12 15 36 99
09 ef 94 2c f2 8b 24 5a b3 71 41 16 77 30 26 82
19 d2 87 68 b3 9e 58 91 a9 36 df 1f b9 06 6c b4
32 36 4a 9e 82 7b b1 e6 16 7d 7f 09 21 09 9e 57
1c e6 0e 4b a2 f7 1f 69 9b 68 29 b2 dd 30 a4 27
20 52 87 2f 3d cd 28 68 2f 5e 8f 21 b1 6b 1a 46
69 00 cd 53 03 80 4d 6a 0c 4c 5d 44 85 05 19 6d
66 10 0e ca e0 ba fe f6 d3 98 f3 b3 8d af 55 e9
c1 fc b4 2b d2 f1 db b7 b9 99 8c aa 0c 13 48 14
39 6a 02 99 89 5b 09 1a 8a a9 18 5b 7b fc a1 d1
c9 a0 da ec 83 3d 1e 7d b7 7b 86 f3 92 15 a3 a1
cd 9b cd 74 93 a9 ac 2e 2e e4 dd fe 8f bb c8 7c
ef b1 5f 68 4f 60 dd 6e 2c 95 cb 65 70 ce a7 d8
0d e7 ce c3 fe 38 9c e2 88 c3 3c 64 dd c1 a5 a3
c3 7f 5f af 21 1e fe 7e 7e 41 cd 8f 51 9f 75 f5
4f b2 e0 cd 81 12 0d fe 5e 20 85 7b bc dc c1 01
34 ab cd 16 79 31 25 d9 8f 90 7b 39 0f 54 ec 76
42 69 18 f3 fa 1f e8 79 1b f7 57 ff 6b a4 13 fe
d1 5b a4 01 af 56 5b 0f 49 79 0f c2 24 db 0a 06
02 f8 b0 28 40 f4 f5 65 a0 2f 64 4d 72 95 64 7a
45 a3 d5 ee c2 07 3f 71 1e 1a e6 84 e7 dc 94 46
10 d9 42 59 96 e0 09 b1 f0 b3 93 b4 77 e7 04 86
f6 fc f5 62 69 93 0d 3f 18 ae 5b c8 4f 13 27 c7
c4 70 e1 dc 56 0d 20 e2 b1 d9 09 a5 e5 42 95 10
ad f3 9a eb c6 cf e5 f9 ef ac 4e 71 d6 fa 06 9f
6e a2 cc 48 2a bd 9d 9d a7 3f 76 9b 43 e0 ac 01
5d e5 e8 e7 36 31 3c 0e ec f6 f1 b0 0c db 6c 26
68 16 17 01 aa d3 b5 d9 79 1a ab 27 c3 8b e1 c2
59 c2 35 e8 1c 07 23 d9 2d 98 b2 28 7a 85 e8 bd
30 51 73 9d 5e 16 af 0c 11 f3 b3 25 a6 9c ac ef
c7 39 dd f7 19 e0 d9 f5 44 df 65 e9 91 bc 02 00
2c 71 16 10 e8 ea 68 99 fd df dc 80 5e 51 69 21
1a ed 7c bc 90 5f 11 35 26 9b ce 00 c0 18 40 65
65 4f 79 6d c3 1f 0c 19 a1 a9 89 e1 51 d5 c2 ab
d5 cc 5a 8a 5c d4 74 6e 3c d1 94 44 cc 97 9c de
cd 40 06 69 9a 05 c8 bd 0b 52 bc 07 ec 70 ad 52
6a 28 3b fa d5 34 c6 54 c3 20 4f b3 a4 c4 6c 30
bf c7 23 b1 b2 cf 16 53 04 ab 67 60 4c 12 f8 c8
e8 cc eb a1 a1 3f 22 d3 20 cb e5 52 12 24 22 fb
4c 39 ab 1a 22 8e 0d 8d 77 86 34 cd 64 f5 d9 4a
bb 2a dd 4f 86 28 47 69 03 c7 32 2a f8 e6 90 d7
63 d1 a5 bc 59 78 dd 8a f7 09 82 23 33 49 d5 ee
84 74 92 96 93 5a eb 78 ee 27 22 28 0b cb 38 22
80 57 41 1e e7 e2 b7 8b 4c 80 9c c1 74 04 d5 3a
2e f1 9b 66 ff 98 41 a5 1a e9 15 75 3b 24 2b 5e
38 4d fa a0 b5 7b 56 05 03 da cc f3 56 86 cc e2
66 2a 90 5b c1 fe c6 1c 71 e5 88 04 e7 d2 02 f5
7e 40 a5 cb b3 08 c6 a1 03 30 dc b5 ed 5a f5 51
9e 85 ad 0c d7 53 40 d3 8a b5 5d 40 2d e2 37 cd
a4 56 4a e6 77 fa ae 0b 32 69 21 9f e9 fc f4 fc
fc 3c 18 b1 6c fe cd 9a 3a e3 09 46 eb c2 2b 25
a4 8d b9 aa b3 4a d6 a3 01 8d af 94 39 8a 5d 17
57 c9 dc 3e 82 96 e8 79 b4 bb 08 8d 5f 0f 9d b6
bf d8 cd 85 03 4c 90 95 2d c6 e3 31 9d 4e 21 3e
24 6f f8 2e 35 9e 82 fc e9 e3 63 10 6e 1e ac 31
e4 61 ce b7 d2 ed 8c ab 32 55 18 e6 e8 10 68 d3
43 41 d8 fb 86 30 23 79 91 e4 55 1e 0e 32 ba 15
67 ac 6c dd a3 40 e9 ff 7d 22 bd ce 90 76 e5 be
22 05 a5 8c e7 92 69 96 2d 70 a6 e4 cf 20 e7 18
ee 83 b0 00 3e f5 30 1a b5 0a a9 3a 8f 4b 80 60
cb 67 26 6c 95 c9 04 df 17 7e fc 13 61 56 b3 47
e9 be a6 c5 52 dc 25 1a 1c b1 6a 86 62 d2 66 d3
89 f7 d6 63 3d 61 25 cd 46 a0 2b 76 4f fa 3f 16
10 fa fa 3d 2d 1f eb 75 73 b3 d4 5c 78 1a 78 f6
d4 ea 63 fd bb 01 83 a8 3e 92 59 2c 54 a5 cd f2
08 fd 17 b0 94 03 c5 59 03 47 ea 7b 50 e8 ef 45
e7 2c fc c3 c3 42 5a b1 4a 95 5e c9 77 dd 6f a9
41 9c 85 cc 9d 49 0d 58 c5 ef b8 26 ab 19 7e aa
a2 2c 4d 8d be ea 0c c0 e1 a7 63 c3 5d eb cb 79
dc 26 86 1a a0 f1 4a 37 a8 02 20 7e 32 85 97 fe
95 41 04 c2 02 45 d1 5e 31 d4 90 82 e5 76 fa 0d
e7 1f de da c1 36 da ef ff 20 24 02 d0 d2 8b da
00 b0 fc eb 50 ac d9 a2 ed de bb 8e 15 2f ff 6c
2d 48 12 3d c1 0d db 43 4d e6 c5 87 c5 ad b5 d2
4b 15 82 fb 59 01 a2 d2 b8 97 7f fd 35 07 36 d4
81 cf d2 7a 5f 1d a2 25 16 b6 63 a4 47 c5 83 39
e9 9e 12 8e 43 9f c8 7c 46 6a 65 e1 62 37 f7 7a
5d 75 2f d3 26 81 a3 15 8a 3a 56 3e 13 0f df 46
b5 5c 2e 79 7e e6 79 9e bc e5 95 08 2e 11 0d 61
7d f6 ea 60 9a 9c 67 71 e3 20 47 b9 eb 8b 53 c2
5c 45 42 12 44 6b 0c f2 a8 61 da d2 12 b8 1d 8f
d0 33 5c ae 67 3e 48 3c 7d 1c 05 da 7e 12 53 24
c3 24 72 65 a2 8c 7b 51 84 d7 50 37 a1 ed fd 62
9f e9 44 6f e3 ed fb d8 a1 23 44 7c 05 c3 5f 17
06 58 1e 38 62 ed 63 2b f8 5c d6 da 67 95 0d 26
bc 3e 35 f2 16 ed 6f 34 ab 34 6a 87 f5 41 4c 33
3e 54 bd 5e 93 4f 42 4e ba 7c 2e fb 97 ad 1a 4a
19 3f 49 dc cc 6d cc cd 68 ff 2b 8e 4f 89 ec e7
81 cb 2d 17 ca 22 93 e0 fa e9 7b 51 d8 21 44 f5
d6 91 8b d8 ca 1e 89 35 d8 d8 a8 0f 6e ac 40 92
df f7 55 5d 3b ce fb dd 80 b6 a6 e6 0d 30 92 4d
ef 51 33 7a cb a3 3f a4 68 a8 ff 26 52 d8 42 60
f2 89 6d 5a 78 12 13 02 40 4c 2f e3 49 23 7c d7
e1 5a 98 a9 f2 5b 2f a2 f2 9c c9 4d 2f bc ff 06
d2 89 65 67 71 24 fa e8 85 2e 35 29 90 14 4c d9
26 54 18 ae 07 30 a0 1a 69 12 04 bd 38 e0 6c 9f
be cc fa 57 8b 6e 98 c9 0f 93 20 5a 12 31 8a 2f
ba ad bf 4c 01 99 45 db 16 25 c9 07 c9 1b a5 79
0d 88 81 dd 45 2d 66 10 65 f7 7c 65 3f be 40 a1
66 9a e9 a2 2b 66 8d 7e 31 9a 51 4a 66 49 38 8d
a2 19 d0 4a e8 a1 3f 09 63 ea b2 f4 cf 11 b4 e4
8e cf 92 60 a9 f2 5f e2 1f f2 4c cd 7d 41 26 46
b0 41 ce c0 f7 a3 1c 20 c3 a7 a0 5d ca e2 e8 e5
91 0c ab 5a b4 1d 75 fe 6b 55 09 90 85 6e 91 9d
05 2e de 12 c5 6d b4 6a f4 13 53 8b a8 99 0e 9d
34 1a 99 8b 66 28 2d 3b 92 d9 d1 c2 33 d3 4f f8
65 cc 63 7a 37 40 f6 bc 40 6e cf be fe 57 94 cb
58 e8 07 a0 b7 da c7 60 b9 49 c2 aa c5 73 2f 02
52 6d 51 ac da 98 17 46 58 ea 0d 91 cb 5a ef c1
ae 3c cd d8 c2 02 d1 f4 d4 fa 84 b7 60 0d 35 ca
3f 60 0a 7f c7 00 e7 3d d0 40 fa 9a 25 0b 23 cc
3f fa 53 69 a2 31 5b f1 ff c9 17 6e d1 45 a3 f9
a7 25 a3 f3 96 ea ce c3 13 66 83 c9 0c 60 cf 07
d6 bc ad 42 c8 64 79 1a 19 24 d0 7a 73 09 3d 47
b5 9b 2e bd 6b 58 26 b7 13 e1 cf a4 d0 c6 40 9d
cc 00 a0 46 11 5c fb 8e 0d 13 ed 3d 99 18 09 a5
e3 ff 2f e3 0a df 26 cb 83 b1 f1 30 86 c0 ff 17
b9 95 0b 65 52 e0 f2 08 c5 7d a0 e9 01 08 1b 7a
cc d6 bd 4f 34 e1 6c 8b 96 21 d7 f5 67 ef 51 6b
7a cd 86 c2 73 5f 11 dd 34 86 2b 39 c7 cc 4c 37
b0 bf b5 98 35 38 74 ee ce 2f 2f da a5 4f d3 67
b5 0c 2c a2 c8 52 03 bd 74 2b 61 d4 46 2c 7e 16
4b af 60 bf 35 4c b3 fa d2 3a 2a 8b 26 4a ab 8a
78 1d 19 35 ba 27 8e f9 c1 0e 2c d6 ce 60 79 25
eb 6d 52 63 9f d2 0b 44 f1 ce 87 4f 58 8d 31 bc
c1 8d 6e 04 c3 d0 73 7f 33 e8 db 52 b0 f8 c9 d7
e6 c5 3e 5c 2d 80 43 df c6 7e 26 22 65 d4 b9 4d
4e 8e 89 75 ac 80 a2 b6 a9 d1 be ae 1e 19 47 60
11 5f aa af f6 6c 4e a3 6e fd a7 9d 7d 87 f3 59
5b d1 8b c8 2c 85 ff ce cd 7c 11 89 c6 c4 89 42
17 fb d5 1c 92 5c 37 e2 cf 27 16 80 c8 c3 0b 0a
39 f2 17 94 51 ff 7b 72 7c c6 28 00 d7 af bc 8b
12 a7 7f 62 16 a3 97 b7 3c 03 9d 9a 51 aa b7 ca
a6 77 51 38 55 02 f6 56 14 a4 2f fe 2e 2b db 08
12 8b 2f 1c 75 41 51 c0 bb 86 27 36 49 99 94 42
42 23 15 e2 3b 0b 72 8c 6a 05 f6 05 9a ec 6e 1d
f9 e1 17 40 ae 51 4e fd ab 95 e6 58 c6 6c 67 ac
26 cf 31 3a a4 f4 ef 8a cd 97 14 dd 5b 7b 58 4b
39 f1 cc 1e b0 a4 69 9c b9 e0 65 a4 a2 87 94 cc
